<?xml version="1.0" encoding="UTF-8"?>
<testsuites>
  <testsuite name="temp_tests" file="/home/dasscheman/svn/LOVD3_development/trunk/tests/phpunit_selenium/tempTest.php" tests="9" assertions="33" failures="0" errors="0" time="62.593700">
    <testcase name="testInstallLOVD" class="temp_tests" file="/home/dasscheman/svn/LOVD3_development/trunk/tests/phpunit_selenium/tempTest.php" line="45" assertions="7" time="21.946822"/>
    <testcase name="testCreateGeneIVD" class="temp_tests" file="/home/dasscheman/svn/LOVD3_development/trunk/tests/phpunit_selenium/tempTest.php" line="90" assertions="1" time="4.545126"/>
    <testcase name="testCreateDiseaseIVA" class="temp_tests" file="/home/dasscheman/svn/LOVD3_development/trunk/tests/phpunit_selenium/tempTest.php" line="110" assertions="1" time="0.745502"/>
    <testcase name="testCreateIndividualDiagnosedWithIVA" class="temp_tests" file="/home/dasscheman/svn/LOVD3_development/trunk/tests/phpunit_selenium/tempTest.php" line="121" assertions="2" time="4.175983"/>
    <testcase name="testAddPhenotypeInfoToIVAIndividual" class="temp_tests" file="/home/dasscheman/svn/LOVD3_development/trunk/tests/phpunit_selenium/tempTest.php" line="140" assertions="3" time="3.993665"/>
    <testcase name="testAddScreeningToIVAIndividual" class="temp_tests" file="/home/dasscheman/svn/LOVD3_development/trunk/tests/phpunit_selenium/tempTest.php" line="155" assertions="3" time="3.914251"/>
    <testcase name="testAddVariantLocatedWithinGeneToIVAIndividual" class="temp_tests" file="/home/dasscheman/svn/LOVD3_development/trunk/tests/phpunit_selenium/tempTest.php" line="174" assertions="7" time="9.569888"/>
    <testcase name="testConfirmVariantToIVAIndividual" class="temp_tests" file="/home/dasscheman/svn/LOVD3_development/trunk/tests/phpunit_selenium/tempTest.php" line="210" assertions="8" time="11.248753"/>
    <testcase name="testUninstallLOVD" class="temp_tests" file="/home/dasscheman/svn/LOVD3_development/trunk/tests/phpunit_selenium/tempTest.php" line="248" assertions="1" time="2.453710"/>
  </testsuite>
</testsuites>
