<?xml version="1.0" encoding="UTF-8"?>
<testsuites>
  <testsuite name="temp_tests" file="/home/dasscheman/svn/LOVD3_development/trunk/tests/phpunit_selenium/tempTest.php" tests="8" assertions="32" failures="0" errors="0" time="60.642987">
    <testcase name="testInstallLOVD" class="temp_tests" file="/home/dasscheman/svn/LOVD3_development/trunk/tests/phpunit_selenium/tempTest.php" line="45" assertions="7" time="20.503755"/>
    <testcase name="testCreateGeneIVD" class="temp_tests" file="/home/dasscheman/svn/LOVD3_development/trunk/tests/phpunit_selenium/tempTest.php" line="90" assertions="1" time="5.037854"/>
    <testcase name="testCreateDiseaseIVA" class="temp_tests" file="/home/dasscheman/svn/LOVD3_development/trunk/tests/phpunit_selenium/tempTest.php" line="110" assertions="1" time="0.747936"/>
    <testcase name="testCreateIndividualDiagnosedWithIVA" class="temp_tests" file="/home/dasscheman/svn/LOVD3_development/trunk/tests/phpunit_selenium/tempTest.php" line="121" assertions="2" time="4.357443"/>
    <testcase name="testAddPhenotypeInfoToIVAIndividual" class="temp_tests" file="/home/dasscheman/svn/LOVD3_development/trunk/tests/phpunit_selenium/tempTest.php" line="140" assertions="3" time="4.303587"/>
    <testcase name="testAddScreeningToIVAIndividual" class="temp_tests" file="/home/dasscheman/svn/LOVD3_development/trunk/tests/phpunit_selenium/tempTest.php" line="155" assertions="3" time="4.184038"/>
    <testcase name="testAddVariantLocatedWithinGeneToIVAIndividual" class="temp_tests" file="/home/dasscheman/svn/LOVD3_development/trunk/tests/phpunit_selenium/tempTest.php" line="174" assertions="7" time="8.952113"/>
    <testcase name="testConfirmVariantToIVAIndividual" class="temp_tests" file="/home/dasscheman/svn/LOVD3_development/trunk/tests/phpunit_selenium/tempTest.php" line="210" assertions="8" time="12.556261"/>
  </testsuite>
</testsuites>
