<?xml version="1.0" encoding="UTF-8"?>
<testsuites>
  <testsuite name="authorization_tests" file="/home/dasscheman/svn/LOVD3_development/trunk/tests/phpunit_selenium/authorizationTest.php" tests="15" assertions="26" failures="0" errors="0" time="39.280141">
    <testcase name="testInstallLOVD" class="authorization_tests" file="/home/dasscheman/svn/LOVD3_development/trunk/tests/phpunit_selenium/authorizationTest.php" line="45" assertions="7" time="21.135377"/>
    <testcase name="testCreateUserManager" class="authorization_tests" file="/home/dasscheman/svn/LOVD3_development/trunk/tests/phpunit_selenium/authorizationTest.php" line="90" assertions="1" time="1.003630"/>
    <testcase name="testCreateUserCurator" class="authorization_tests" file="/home/dasscheman/svn/LOVD3_development/trunk/tests/phpunit_selenium/authorizationTest.php" line="110" assertions="1" time="0.997086"/>
    <testcase name="testCreateUserCollaborator" class="authorization_tests" file="/home/dasscheman/svn/LOVD3_development/trunk/tests/phpunit_selenium/authorizationTest.php" line="130" assertions="1" time="1.010621"/>
    <testcase name="testCreateUserSubmitter" class="authorization_tests" file="/home/dasscheman/svn/LOVD3_development/trunk/tests/phpunit_selenium/authorizationTest.php" line="150" assertions="1" time="0.945994"/>
    <testcase name="testCreateUserOwner" class="authorization_tests" file="/home/dasscheman/svn/LOVD3_development/trunk/tests/phpunit_selenium/authorizationTest.php" line="170" assertions="1" time="0.953452"/>
    <testcase name="testCreateGeneIVD" class="authorization_tests" file="/home/dasscheman/svn/LOVD3_development/trunk/tests/phpunit_selenium/authorizationTest.php" line="190" assertions="1" time="3.699315"/>
    <testcase name="testCreateDiseaseIVA" class="authorization_tests" file="/home/dasscheman/svn/LOVD3_development/trunk/tests/phpunit_selenium/authorizationTest.php" line="204" assertions="1" time="0.722924"/>
    <testcase name="testCreateIndividualDiagnosedWithIVA" class="authorization_tests" file="/home/dasscheman/svn/LOVD3_development/trunk/tests/phpunit_selenium/authorizationTest.php" line="215" assertions="2" time="1.175018"/>
    <testcase name="testAddScreeningToIVAIndividual" class="authorization_tests" file="/home/dasscheman/svn/LOVD3_development/trunk/tests/phpunit_selenium/authorizationTest.php" line="233" assertions="2" time="1.019411"/>
    <testcase name="testAddVariantLocatedWithinGeneToIVAIndividual" class="authorization_tests" file="/home/dasscheman/svn/LOVD3_development/trunk/tests/phpunit_selenium/authorizationTest.php" line="251" assertions="4" time="4.222437"/>
    <testcase name="testAddPhenotypeInfoToIVAIndividual" class="authorization_tests" file="/home/dasscheman/svn/LOVD3_development/trunk/tests/phpunit_selenium/authorizationTest.php" line="279" assertions="1" time="0.900227"/>
    <testcase name="testMakeUserCuratorIVD" class="authorization_tests" file="/home/dasscheman/svn/LOVD3_development/trunk/tests/phpunit_selenium/authorizationTest.php" line="289" assertions="1" time="0.736505"/>
    <testcase name="testMakeUserCollaboratorIVD" class="authorization_tests" file="/home/dasscheman/svn/LOVD3_development/trunk/tests/phpunit_selenium/authorizationTest.php" line="298" assertions="1" time="0.628926"/>
    <testcase name="testAuthorization" class="authorization_tests" file="/home/dasscheman/svn/LOVD3_development/trunk/tests/phpunit_selenium/authorizationTest.php" line="308" assertions="1" time="0.129218"/>
  </testsuite>
</testsuites>
