<?xml version="1.0" encoding="UTF-8"?>
<testsuites>
  <testsuite name="import_tests" file="/home/dasscheman/svn/LOVD3_development/trunk/tests/phpunit_selenium/importTest.php" tests="10" assertions="145" failures="0" errors="0" time="39.482199">
    <testcase name="testInstallLOVD" class="import_tests" file="/home/dasscheman/svn/LOVD3_development/trunk/tests/phpunit_selenium/importTest.php" line="45" assertions="7" time="20.616035"/>
    <testcase name="testCreateGeneIVD" class="import_tests" file="/home/dasscheman/svn/LOVD3_development/trunk/tests/phpunit_selenium/importTest.php" line="90" assertions="1" time="5.683821"/>
    <testcase name="testCreateGenderColumn" class="import_tests" file="/home/dasscheman/svn/LOVD3_development/trunk/tests/phpunit_selenium/importTest.php" line="110" assertions="0" time="1.050031"/>
    <testcase name="testCreateDiseaseIVA" class="import_tests" file="/home/dasscheman/svn/LOVD3_development/trunk/tests/phpunit_selenium/importTest.php" line="120" assertions="2" time="1.437558"/>
    <testcase name="testInsertImport" class="import_tests" file="/home/dasscheman/svn/LOVD3_development/trunk/tests/phpunit_selenium/importTest.php" line="139" assertions="1" time="0.674929"/>
    <testcase name="testFalseInsertImport" class="import_tests" file="/home/dasscheman/svn/LOVD3_development/trunk/tests/phpunit_selenium/importTest.php" line="147" assertions="55" time="2.312729"/>
    <testcase name="testFalseUpdateImport" class="import_tests" file="/home/dasscheman/svn/LOVD3_development/trunk/tests/phpunit_selenium/importTest.php" line="211" assertions="72" time="3.507302"/>
    <testcase name="testSecondInsertImport" class="import_tests" file="/home/dasscheman/svn/LOVD3_development/trunk/tests/phpunit_selenium/importTest.php" line="293" assertions="1" time="0.650756"/>
    <testcase name="testUpdateImport" class="import_tests" file="/home/dasscheman/svn/LOVD3_development/trunk/tests/phpunit_selenium/importTest.php" line="302" assertions="5" time="0.695860"/>
    <testcase name="testUninstallLOVD" class="import_tests" file="/home/dasscheman/svn/LOVD3_development/trunk/tests/phpunit_selenium/importTest.php" line="315" assertions="1" time="2.853178"/>
  </testsuite>
</testsuites>
