<?xml version="1.0" encoding="UTF-8"?>
<testsuites>
  <testsuite name="import_tests" file="/home/dasscheman/svn/LOVD3_development/trunk/tests/phpunit_selenium/importTest.php" tests="10" assertions="141" failures="0" errors="1" time="42.859094">
    <testcase name="testInstallLOVD" class="import_tests" file="/home/dasscheman/svn/LOVD3_development/trunk/tests/phpunit_selenium/importTest.php" line="45" assertions="7" time="20.743913"/>
    <testcase name="testCreateGeneIVD" class="import_tests" file="/home/dasscheman/svn/LOVD3_development/trunk/tests/phpunit_selenium/importTest.php" line="90" assertions="1" time="3.807005"/>
    <testcase name="testCreateGenderColumn" class="import_tests" file="/home/dasscheman/svn/LOVD3_development/trunk/tests/phpunit_selenium/importTest.php" line="110" assertions="0" time="0.958701"/>
    <testcase name="testCreateDiseaseIVA" class="import_tests" file="/home/dasscheman/svn/LOVD3_development/trunk/tests/phpunit_selenium/importTest.php" line="120" assertions="2" time="1.367591"/>
    <testcase name="testInsertImport" class="import_tests" file="/home/dasscheman/svn/LOVD3_development/trunk/tests/phpunit_selenium/importTest.php" line="139" assertions="1" time="0.698401"/>
    <testcase name="testFalseInsertImport" class="import_tests" file="/home/dasscheman/svn/LOVD3_development/trunk/tests/phpunit_selenium/importTest.php" line="147" assertions="55" time="2.380186"/>
    <testcase name="testFalseUpdateImport" class="import_tests" file="/home/dasscheman/svn/LOVD3_development/trunk/tests/phpunit_selenium/importTest.php" line="211" assertions="72" time="3.967798"/>
    <testcase name="testSecondInsertImport" class="import_tests" file="/home/dasscheman/svn/LOVD3_development/trunk/tests/phpunit_selenium/importTest.php" line="293" assertions="1" time="0.633294"/>
    <testcase name="testUpdateImport" class="import_tests" file="/home/dasscheman/svn/LOVD3_development/trunk/tests/phpunit_selenium/importTest.php" line="302" assertions="1" time="1.299454">
      <error type="PHPUnit_Framework_Error">import_tests::testUpdateImport
Current URL: http://localhost/svn/LOVD3_development/trunk/src/import?
Screenshot: trunk/tests/test_results/error_screenshots/55199941d99287a9f661fcece7960e53.png

Failed asserting that false is true.

</error>
    </testcase>
    <testcase name="testUninstallLOVD" class="import_tests" file="/home/dasscheman/svn/LOVD3_development/trunk/tests/phpunit_selenium/importTest.php" line="315" assertions="1" time="7.002751"/>
  </testsuite>
</testsuites>
