<?xml version="1.0" encoding="UTF-8"?>
<testsuites>
  <testsuite name="admin_tests" file="/home/dasscheman/svn/LOVD3_development/trunk/tests/phpunit_selenium/adminTest.php" tests="32" assertions="135" failures="0" errors="0" time="454.669092">
    <testcase name="testInstallLOVD" class="admin_tests" file="/home/dasscheman/svn/LOVD3_development/trunk/tests/phpunit_selenium/adminTest.php" line="45" assertions="7" time="20.047638"/>
    <testcase name="testCreateGeneIVD" class="admin_tests" file="/home/dasscheman/svn/LOVD3_development/trunk/tests/phpunit_selenium/adminTest.php" line="90" assertions="1" time="3.896526"/>
    <testcase name="testCreateUserManager" class="admin_tests" file="/home/dasscheman/svn/LOVD3_development/trunk/tests/phpunit_selenium/adminTest.php" line="110" assertions="1" time="0.934651"/>
    <testcase name="testCreateUserCurator" class="admin_tests" file="/home/dasscheman/svn/LOVD3_development/trunk/tests/phpunit_selenium/adminTest.php" line="130" assertions="1" time="0.977545"/>
    <testcase name="testMakeUserCuratorIVD" class="admin_tests" file="/home/dasscheman/svn/LOVD3_development/trunk/tests/phpunit_selenium/adminTest.php" line="150" assertions="1" time="0.570156"/>
    <testcase name="testCreateUserSubmitter" class="admin_tests" file="/home/dasscheman/svn/LOVD3_development/trunk/tests/phpunit_selenium/adminTest.php" line="159" assertions="1" time="0.952236"/>
    <testcase name="testCreateDiseaseIVA" class="admin_tests" file="/home/dasscheman/svn/LOVD3_development/trunk/tests/phpunit_selenium/adminTest.php" line="179" assertions="1" time="0.649967"/>
    <testcase name="testCreateIndividualDiagnosedWithHealtyControl" class="admin_tests" file="/home/dasscheman/svn/LOVD3_development/trunk/tests/phpunit_selenium/adminTest.php" line="190" assertions="2" time="4.235118"/>
    <testcase name="testAddPhenotypeInfoToHealtyIndividual" class="admin_tests" file="/home/dasscheman/svn/LOVD3_development/trunk/tests/phpunit_selenium/adminTest.php" line="209" assertions="3" time="3.988028"/>
    <testcase name="testAddScreeningToHealtyIndividual" class="admin_tests" file="/home/dasscheman/svn/LOVD3_development/trunk/tests/phpunit_selenium/adminTest.php" line="224" assertions="3" time="3.947752"/>
    <testcase name="testAddVariantLocatedWithinGeneToHealtyIndividual" class="admin_tests" file="/home/dasscheman/svn/LOVD3_development/trunk/tests/phpunit_selenium/adminTest.php" line="243" assertions="7" time="7.619797"/>
    <testcase name="testAddSeatlleseqFileToHealtyIndividual" class="admin_tests" file="/home/dasscheman/svn/LOVD3_development/trunk/tests/phpunit_selenium/adminTest.php" line="279" assertions="5" time="72.800959"/>
    <testcase name="testAddVariantOnlyDescribedOnGenomicLevelToHealtyIndividual" class="admin_tests" file="/home/dasscheman/svn/LOVD3_development/trunk/tests/phpunit_selenium/adminTest.php" line="314" assertions="4" time="4.750063"/>
    <testcase name="testFinishIndividualDiagnosedHealty" class="admin_tests" file="/home/dasscheman/svn/LOVD3_development/trunk/tests/phpunit_selenium/adminTest.php" line="338" assertions="2" time="0.840772"/>
    <testcase name="testCreateIndividualDiagnosedWithIVA" class="admin_tests" file="/home/dasscheman/svn/LOVD3_development/trunk/tests/phpunit_selenium/adminTest.php" line="345" assertions="2" time="4.557145"/>
    <testcase name="testAddPhenotypeInfoToIVAIndividual" class="admin_tests" file="/home/dasscheman/svn/LOVD3_development/trunk/tests/phpunit_selenium/adminTest.php" line="364" assertions="3" time="4.093379"/>
    <testcase name="testAddScreeningToIVAIndividual" class="admin_tests" file="/home/dasscheman/svn/LOVD3_development/trunk/tests/phpunit_selenium/adminTest.php" line="379" assertions="3" time="4.008134"/>
    <testcase name="testAddVariantLocatedWithinGeneToIVAIndividual" class="admin_tests" file="/home/dasscheman/svn/LOVD3_development/trunk/tests/phpunit_selenium/adminTest.php" line="398" assertions="7" time="7.816706"/>
    <testcase name="testAddVariantOnlyDescribedOnGenomicLevelToIVAIndividual" class="admin_tests" file="/home/dasscheman/svn/LOVD3_development/trunk/tests/phpunit_selenium/adminTest.php" line="434" assertions="4" time="4.284353"/>
    <testcase name="testConfirmVariantToIVAIndividual" class="admin_tests" file="/home/dasscheman/svn/LOVD3_development/trunk/tests/phpunit_selenium/adminTest.php" line="458" assertions="9" time="12.498938"/>
    <testcase name="testAddVcfFileToIVAIndividual" class="admin_tests" file="/home/dasscheman/svn/LOVD3_development/trunk/tests/phpunit_selenium/adminTest.php" line="495" assertions="6" time="102.562088"/>
    <testcase name="testFinishIndividualDiagnosedWithIVA" class="admin_tests" file="/home/dasscheman/svn/LOVD3_development/trunk/tests/phpunit_selenium/adminTest.php" line="545" assertions="2" time="3.977953"/>
    <testcase name="testAddSummaryVariantLocatedWithinGene" class="admin_tests" file="/home/dasscheman/svn/LOVD3_development/trunk/tests/phpunit_selenium/adminTest.php" line="554" assertions="11" time="12.277511"/>
    <testcase name="testAddSummaryVariantOnlyDescribedOnGenomicLevel" class="admin_tests" file="/home/dasscheman/svn/LOVD3_development/trunk/tests/phpunit_selenium/adminTest.php" line="605" assertions="6" time="8.739842"/>
    <testcase name="testAddSummaryVariantSeatlleseqFile" class="admin_tests" file="/home/dasscheman/svn/LOVD3_development/trunk/tests/phpunit_selenium/adminTest.php" line="635" assertions="7" time="16.874754"/>
    <testcase name="testAddSummaryVariantVcfFile" class="admin_tests" file="/home/dasscheman/svn/LOVD3_development/trunk/tests/phpunit_selenium/adminTest.php" line="673" assertions="7" time="112.850457"/>
    <testcase name="testPostFinishAddVariantOnlyDescribedOnGenomicLevelToIVAIndividual" class="admin_tests" file="/home/dasscheman/svn/LOVD3_development/trunk/tests/phpunit_selenium/adminTest.php" line="766" assertions="6" time="5.890524"/>
    <testcase name="testPostFinishAddVariantLocatedWithinGeneToIVAIndividual" class="admin_tests" file="/home/dasscheman/svn/LOVD3_development/trunk/tests/phpunit_selenium/adminTest.php" line="798" assertions="9" time="9.568613"/>
    <testcase name="testPostFinishAddScreeningToIVAIndividual" class="admin_tests" file="/home/dasscheman/svn/LOVD3_development/trunk/tests/phpunit_selenium/adminTest.php" line="841" assertions="5" time="5.469176"/>
    <testcase name="testPostFinishAddPhenotypeInfoToIVAIndividual" class="admin_tests" file="/home/dasscheman/svn/LOVD3_development/trunk/tests/phpunit_selenium/adminTest.php" line="867" assertions="5" time="5.852374"/>
    <testcase name="testDeleteGeneIVD" class="admin_tests" file="/home/dasscheman/svn/LOVD3_development/trunk/tests/phpunit_selenium/adminTest.php" line="889" assertions="3" time="4.635205"/>
    <testcase name="testUninstallLOVD" class="admin_tests" file="/home/dasscheman/svn/LOVD3_development/trunk/tests/phpunit_selenium/adminTest.php" line="905" assertions="1" time="2.500732"/>
  </testsuite>
</testsuites>
