<?xml version="1.0" encoding="UTF-8"?>
<testsuites>
  <testsuite name="import_tests" file="/home/dasscheman/svn/LOVD3_development/trunk/tests/phpunit_selenium/importTest.php" tests="6" assertions="13" failures="0" errors="1" time="28.143546">
    <testcase name="testInstallLOVD" class="import_tests" file="/home/dasscheman/svn/LOVD3_development/trunk/tests/phpunit_selenium/importTest.php" line="45" assertions="7" time="20.298081"/>
    <testcase name="testCreateGeneIVD" class="import_tests" file="/home/dasscheman/svn/LOVD3_development/trunk/tests/phpunit_selenium/importTest.php" line="90" assertions="1" time="4.068600"/>
    <testcase name="testCreateGenderColumn" class="import_tests" file="/home/dasscheman/svn/LOVD3_development/trunk/tests/phpunit_selenium/importTest.php" line="110" assertions="0" time="0.977607"/>
    <testcase name="testCreateDiseaseIVA" class="import_tests" file="/home/dasscheman/svn/LOVD3_development/trunk/tests/phpunit_selenium/importTest.php" line="120" assertions="1" time="0.824936"/>
    <testcase name="testCreateData" class="import_tests" file="/home/dasscheman/svn/LOVD3_development/trunk/tests/phpunit_selenium/importTest.php" line="131" assertions="1" time="0.691273"/>
    <testcase name="testTestImport" class="import_tests" file="/home/dasscheman/svn/LOVD3_development/trunk/tests/phpunit_selenium/importTest.php" line="139" assertions="3" time="1.283049">
      <error type="PHPUnit_Framework_Error">import_tests::testTestImport
Current URL: http://localhost/svn/LOVD3_development/trunk/src/import?
Screenshot: trunk/tests/test_results/error_screenshots/f72086740b06a25c63f67ce53d6146a8.png

Failed asserting that false is true.

</error>
    </testcase>
  </testsuite>
</testsuites>
