<?xml version="1.0" encoding="UTF-8"?>
<testsuites>
  <testsuite name="import_tests" file="/home/dasscheman/svn/LOVD3_development/trunk/tests/phpunit_selenium/importTest.php" tests="9" assertions="144" failures="0" errors="0" time="35.935530">
    <testcase name="testInstallLOVD" class="import_tests" file="/home/dasscheman/svn/LOVD3_development/trunk/tests/phpunit_selenium/importTest.php" line="45" assertions="7" time="21.072243"/>
    <testcase name="testCreateGeneIVD" class="import_tests" file="/home/dasscheman/svn/LOVD3_development/trunk/tests/phpunit_selenium/importTest.php" line="90" assertions="1" time="3.922445"/>
    <testcase name="testCreateGenderColumn" class="import_tests" file="/home/dasscheman/svn/LOVD3_development/trunk/tests/phpunit_selenium/importTest.php" line="110" assertions="0" time="0.946133"/>
    <testcase name="testCreateDiseaseIVA" class="import_tests" file="/home/dasscheman/svn/LOVD3_development/trunk/tests/phpunit_selenium/importTest.php" line="120" assertions="2" time="1.503637"/>
    <testcase name="testInsertImport" class="import_tests" file="/home/dasscheman/svn/LOVD3_development/trunk/tests/phpunit_selenium/importTest.php" line="139" assertions="1" time="0.655783"/>
    <testcase name="testFalseInsertImport" class="import_tests" file="/home/dasscheman/svn/LOVD3_development/trunk/tests/phpunit_selenium/importTest.php" line="147" assertions="55" time="2.548302"/>
    <testcase name="testFalseUpdateImport" class="import_tests" file="/home/dasscheman/svn/LOVD3_development/trunk/tests/phpunit_selenium/importTest.php" line="211" assertions="72" time="3.626400"/>
    <testcase name="testSecondInsertImport" class="import_tests" file="/home/dasscheman/svn/LOVD3_development/trunk/tests/phpunit_selenium/importTest.php" line="293" assertions="1" time="0.786931"/>
    <testcase name="testUpdateImport" class="import_tests" file="/home/dasscheman/svn/LOVD3_development/trunk/tests/phpunit_selenium/importTest.php" line="302" assertions="5" time="0.873656"/>
  </testsuite>
</testsuites>
