<?xml version="1.0" encoding="UTF-8"?>
<testsuites>
  <testsuite name="import_tests" file="/home/dasscheman/svn/LOVD3_development/trunk/tests/phpunit_selenium/importTest.php" tests="7" assertions="64" failures="0" errors="0" time="34.314194">
    <testcase name="testInstallLOVD" class="import_tests" file="/home/dasscheman/svn/LOVD3_development/trunk/tests/phpunit_selenium/importTest.php" line="45" assertions="7" time="21.829831"/>
    <testcase name="testCreateGeneIVD" class="import_tests" file="/home/dasscheman/svn/LOVD3_development/trunk/tests/phpunit_selenium/importTest.php" line="90" assertions="1" time="5.118372"/>
    <testcase name="testCreateGenderColumn" class="import_tests" file="/home/dasscheman/svn/LOVD3_development/trunk/tests/phpunit_selenium/importTest.php" line="110" assertions="0" time="0.942662"/>
    <testcase name="testCreateDiseaseIVA" class="import_tests" file="/home/dasscheman/svn/LOVD3_development/trunk/tests/phpunit_selenium/importTest.php" line="120" assertions="1" time="0.696905"/>
    <testcase name="testCreateData" class="import_tests" file="/home/dasscheman/svn/LOVD3_development/trunk/tests/phpunit_selenium/importTest.php" line="131" assertions="0" time="0.773659"/>
    <testcase name="testTestImport" class="import_tests" file="/home/dasscheman/svn/LOVD3_development/trunk/tests/phpunit_selenium/importTest.php" line="138" assertions="54" time="2.346419"/>
    <testcase name="testUninstallLOVD" class="import_tests" file="/home/dasscheman/svn/LOVD3_development/trunk/tests/phpunit_selenium/importTest.php" line="201" assertions="1" time="2.606346"/>
  </testsuite>
</testsuites>
